10e0
10e4
10e6
10ea
10ec
10ee
10f2
10f4
10f8
10fa
10fc
1188
118a
118c
118e
1190
1192
1194
1196
119c
119e
11a0
11a2
11a6
11a8
11aa
11ac
11ae
11b0
11b4
11b6
11b8
11bc
11be
11c2
11c4
11c6
11ca
11cc
11d0
11d2
11d4
11d8
11da
11de
11e0
1220
1222
1224
1226
1228
122a
122c
122e
1230
1232
1236
125c
125e
1260
1262
1264
1266
126a
126e
1270
1274
1278
127a
127e
1280
1282
1284
1286
152c
152e
1530
1532
1534
1536
1538
153a
153c
1540
1542
1544
1546
1548
154a
154e
1550
1554
1556
155c
155e
1560
1562
1566
156a
156c
156e
1570
1572
1574
1576
1578
157a
157e
1580
1582
1584
1586
1588
158a
158c
158e
1590
15b0
15b2
15b4
15b6
15b8
15ba
15be
15c2
15c4
15c6
15c8
15cc
15ce
15d0
15d4
15d8
15da
15dc
15de
15e8
15ea
15f4
15f6
1600
1602
160c
160e
1610
1614
1616
1618
161c
1620
1624
1626
1628
162a
162c
162e
1630
1632
1634
1636
1638
163c
163e
1640
1644
1646
1648
164c
164e
1650
1652
1654
1658
165a
165c
165e
1662
1664
1666
1668
166c
166e
1670
167c
167e
1680
1684
1686
1688
168a
1692
1694
1698
169a
169c
169e
16a0
16a2
16a4
16a8
16aa
16ac
16ae
16b2
16b4
16b8
16bc
16c0
16c4
16c6
16c8
16ca
16cc
16d0
16d4
16d8
16dc
16de
16e0
16e2
16e4
16e6
16e8
16ec
16ee
16f0
16f2
1746
1748
174a
174c
174e
1750
1754
1756
1758
175a
175c
175e
1760
1762
1764
176c
176e
1772
1774
1776
1778
177a
177c
177e
1780
1782
1784
1788
178a
178c
178e
1792
1794
17b0
17b2
17be
17c0
17c4
17c8
17ca
17ce
17d0
17d2
17d4
17d6
17de
17e0
17e4
17e6
1800
1802
1804
1806
1808
180a
180c
180e
1810
1812
1814
1816
1818
181c
181e
1820
1822
1824
1826
1828
182a
182c
182e
1830
1832
1834
1836
1838
183a
183c
1840
1842
1844
1848
184a
184c
1850
1854
1856
1858
185a
185c
185e
1860
1862
1868
186a
186c
1870
1872
1874
1876
1878
187a
187c
187e
1882
1884
1886
1888
188a
188c
188e
1890
1894
18a0
18a2
18a6
18a8
18aa
18b0
18b2
18b4
18b6
18b8
18c8
18ca
18cc
18ce
18d2
18d6
18d8
18dc
18e0
18e4
18e6
18e8
18ec
18ee
18f0
18f2
18f6
18f8
18fa
18fc
18fe
1900
1904
1906
190a
190c
190e
1910
1914
1916
1a5e
1a60
1a62
1a64
1a66
1a68
1a6a
1a6c
1a70
1a72
1a74
1a78
1a7a
1dd8
1dda
1ddc
1dde
1de0
1de2
1de4
1de8
1dea
1df2
1e1a
1e1e
1e20
1e22
1e24
1e26
1e28
1e2a
1e38
1e3a
1e3e
1e42
1e44
1e46
1e48
1e4a
1e4e
1e80
1e82
1e84
1e86
1e88
1e8a
1e8c
1e92
1e94
1e96
1e9a
1e9c
1e9e
1ea0
1ea2
1ea4
1ea6
1ea8
1eaa
1eac
1eae
1eb0
1eb2
1eb4
1eb6
1ec2
1ec4
1ec6
1ec8
1eca
1ecc
1ece
1ed0
1ed2
1ed4
1ed6
1ed8
1eda
1edc
1ede
1ee0
1ee2
1ee4
1ee6
1eea
1eec
1eee
1ef0
1ef2
1ef4
1efa
1efc
1efe
1f00
1f02
1f24
1f26
1f28
1f2a
1f2c
1f2e
1f30
1f32
1f34
1f38
1f3a
1f42
1f48
1f4a
1f4c
1f4e
1f50
1f52
1f54
1f56
1f5e
1f60
1f62
1f66
1f68
1f6c
1f6e
1f84
1f86
1f88
1f8e
1f90
1f92
1f94
1f96
1fca
1fcc
1fce
1fd0
1fd4
1fd8
1fda
1fdc
1fde
1fe2
1fe4
1fe8
1fec
1fee
1ff0
1ff2
1ff4
1ff6
1ff8
1ffa
2002
200e
2010
2044
2046
204a
204c
204e
2050
205e
2060
2104
2106
2108
210a
210c
210e
2110
2112
2114
2116
2118
211c
211e
2122
2124
2126
2128
212a
212c
212e
2130
2132
2142
2144
2148
2150
2152
2154
2156
2158
215c
215e
2160
2162
2164
216a
216c
216e
2172
2176
2178
217a
217c
217e
2180
2182
2184
2186
218a
218c
218e
2192
2194
2196
2198
219a
219c
219e
21a0
21a2
21a6
21a8
21aa
21ac
21b2
21b4
21b6
21b8
21ba
21ec
21ee
21f0
21f4
21f6
21f8
21fa
21fc
21fe
2200
2202
2204
2206
2208
220c
220e
2210
2214
2216
222c
222e
2230
2232
2234
2236
2238
223a
223c
223e
224c
224e
2250
2252
2254
2258
225a
225c
225e
2262
2278
227a
227c
227e
2280
2284
2286
2288
228a
228c
228e
22a8
22aa
22ac
22ae
2360
2362
236c
236e
2438
243a
243c
243e
2440
2442
2444
2446
244a
244c
244e
2450
2452
2454
248c
248e
2490
2492
2496
24bc
24be
24c0
24c2
24c4
24c6
24c8
24ca
24cc
24ce
24d8
24da
24dc
24de
24e0
24e2
424
426
428
432
440
442
444
446
448
44a
44e
450
452
454
456
458
45a
45e
460
462
466
468
46a
46e
470
472
474
476
478
47a
482
486
488
48a
4dc
4de
4e0
4e2
4e4
4e6
4e8
4ea
4ec
4ee
4f0
4f4
4f6
4f8
4fa
4fc
4fe
50a
50e
510
512
524
526
528
52a
52c
52e
532
538
53a
53c
53e
540
542
546
548
54c
54e
558
55c
55e
560
562
566
568
56a
56e
570
57c
57e
580
582
584
586
588
58a
58c
58e
590
59c
59e
5a0
5a2
5a4
5a6
5a8
5aa
5b2
5b4
5b6
5b8
5ba
5bc
5be
5c0
5c2
5c4
5c8
5ca
5cc
5ce
5d0
5d2
5d4
5d6
5d8
5da
5dc
5de
5e0
5e2
5e4
5e6
5e8
5ea
5ec
5ee
5f0
5f2
5f4
5f6
5f8
5fa
5fc
5fe
600
602
604
606
608
60a
60c
610
612
614
616
618
61a
61c
61e
622
624
626
628
62a
62c
62e
630
632
63e
640
642
646
65a
65c
65e
660
662
664
668
66c
66e
670
672
688
68a
68c
68e
692
694
696
698
69a
69e
6bc
6c0
6c2
6c4
6c6
6c8
6ca
6cc
6ce
6d0
6d2
6d4
6d6
6da
6e2
6e4
6e6
6e8
6ec
6ee
6f0
6f2
6f6
6fa
6fc
6fe
700
704
708
70a
70e
710
714
716
71a
71e
720
722
724
728
72c
72e
732
734
738
73a
73e
742
744
746
74a
74c
74e
752
754
756
758
75a
75e
760
762
764
766
76a
76c
7a0
7a2
7a4
7a6
7a8
7aa
7ae
7b0
7b2
7b4
7e0
7e2
7e4
7e6
7ea
7ec
7ee
7f0
7f2
7f4
7f8
7fa
7fc
7fe
800
804
806
808
80c
80e
810
812
824
826
828
82a
82c
82e
832
836
838
83a
83c
854
856
85a
85c
860
864
868
86c
870
874
878
87c
880
884
888
88c
88e
890
892
894
898
89a
89e
8a0
8a4
8a6
8a8
8aa
8ae
8b2
8b6
8b8
8ba
8be
8c0
8d8
8da
8dc
8de
8e0
8e4
8e6
8e8
8ea
8ee
8f0
8f2
8f4
8f6
8f8
8fa
8fc
900
904
908
90a
90e
910
914
916
918
91a
91e
922
924
928
92a
92e
930
932
960
962
964
966
968
96a
96c
96e
972
974
976
978
97a
97c
980
982
986
98a
98c
98e
992
994
996
998
99a
99e
9a0
9a2
9a6
9a8
9aa
9ac
9ae
9b0
9b2
9b4
9b6
9ba
9bc
9be
9c0
9c2
9c6
9ca
9cc
9d0
9d4
9d6
9d8
9da
9dc
9de
9e0
9e4
9e8
9ea
9ee
9f0
9f2
9f4
9f6
9fa
9fe
a02
a04
a08
a0a
a0e
a10
a12
a14
a18
a1c
a7c
a7e
a80
a82
a86
a88
a8a
a8c
a8e
a92
a96
a98
a9a
a9c
a9e
aa0
aa2
aa4
aa6
aa8
aac
aae
ab0
af4
af6
af8
afa
afc
afe
b02
b06
b08
b0a
b0c
b10
b14
b16
b18
b1a
b1c
b20
b24
b26
b28
b2a
b2c
b2e
bd8
bda
bdc
be0
be2
be4
be6
be8
bf0
bf2
bf4
bf6
bf8
bfc
bfe
c00
c02
c04
c08
c0c
c10
c12
c14
c16
c18
c1c
c20
c22
c24
c78
c7a
c7c
c7e
c80
c82
c84
c86
c8a
c8c
c8e
c90
c92
c94
c98
c9c
c9e
ca0
ca2
ca6
caa
cac
cae
cb0
cb4
cb8
cba
cbc
cbe
cc0
cc2
cc6
cc8
cca
ccc
cd0
cd2
cd6
cd8
cda
ea4
ea6
ea8
eaa
eac
eae
eb0
eb2
eb6
eb8
eba
ebc
ec0
ec4
ec6
ec8
ecc
ece
ed2
ed6
ed8
edc
ede
ee2
ee4
ee6
ee8
eea
eec
eee
ef0
ef2
ef6
ef8
efa
efe
f02
f04
f06
f08
f0a
f0e
f10
f14
f16
f18
f1c
f20
f22
f24
f26
f28
f2c
f2e
f32
f34
f38
f3c
f3e
f40
f42
f44
f46
f4a
f4c
f4e
f52
f56
f58
f5a
f5e
f60
f62
f64
