100
101
102
103
104
105
107
108
109
111
112
113
114
115
116
117
1184
1185
1186
1187
1188
1189
1190
1191
1192
1193
1194
1195
1196
1197
1198
1199
120
1200
1201
1202
1203
1204
1205
1206
1207
1208
1209
121
1210
1211
1212
1213
1214
1215
1216
1217
1218
1219
122
1220
1221
1222
1223
1224
1225
1226
1227
1228
1229
123
1230
1231
1232
1233
1234
1235
1236
1237
1238
1239
1240
1241
1242
1243
1244
1245
1246
1247
1248
1249
1250
1251
1252
1253
1254
1255
1256
1257
1258
1409
1410
1411
1412
1413
1414
1415
1416
1417
1418
1419
1475
1476
1477
1478
1479
1480
1481
1482
1483
1486
1487
1488
1489
1490
1491
1492
1493
1494
1495
1496
1497
1498
1499
1500
1501
1502
1503
1504
1505
1506
1507
1508
1509
151
1510
1511
1512
1513
152
153
1534
1535
1536
1537
1538
1539
154
1540
1541
1542
1543
1544
1545
155
156
157
158
1581
1582
1583
1584
1585
1586
1587
1588
1589
159
1590
1591
1592
1593
1594
1595
1596
1597
1598
160
161
162
163
164
165
166
167
168
173
174
1748
1749
175
1750
1754
176
1760
1761
1762
1763
1764
1766
1767
1768
1769
1770
1771
1773
1774
1776
1777
1779
1780
1781
1782
1783
1786
1788
1789
1819
182
1820
1821
1822
1823
1824
1825
1826
1827
183
1832
1837
1838
184
1840
1841
1842
1843
1844
1845
1846
1847
1848
1849
185
1850
1851
1852
1853
1854
1855
1856
1857
1858
1859
186
1860
1862
1863
1864
1865
1866
1867
1868
1869
187
1870
1871
1872
1873
1874
1875
1876
1877
1878
1879
188
1880
1881
1882
1883
1884
1885
1886
189
1890
1891
1894
1895
1896
1899
1900
1901
1902
1903
1904
1905
1906
1907
1908
1909
1910
1911
1912
1913
1914
1915
1916
1918
1919
1920
1921
1922
1924
1925
1926
1927
1928
1930
1931
1932
1933
1934
1936
1937
1938
1939
1940
1942
1943
1944
1945
1946
1947
1948
1949
195
1950
1951
1952
1953
1954
1955
1956
1957
1958
1959
196
1960
1961
1962
1963
1964
1965
1966
1967
1968
1969
197
1970
1971
1972
1973
1974
1975
1976
1977
1978
1979
198
1980
1981
1982
1983
1984
1988
1989
199
1990
1991
1992
1993
1994
1995
1996
1997
1998
1999
200
2000
2001
2002
2003
2004
2005
2006
2007
2008
2009
201
2010
2011
2012
2013
2014
2015
2016
2017
2018
2019
202
2020
2021
2022
2023
2024
2025
2026
2027
2028
2029
203
2030
2031
2032
2033
2034
2037
2038
2039
204
2040
2041
2044
2046
2047
2048
2049
205
2050
2051
2052
2053
2054
2056
2057
2058
2060
2062
2063
2065
2067
2068
2070
2071
2073
2074
2076
2077
2079
2080
2081
2082
2083
2084
2085
2086
2087
2088
2089
209
2090
2091
2092
2094
2095
2096
2097
2098
2099
210
2100
2101
2102
2103
2104
2105
2106
2107
2108
2109
211
2110
2111
2112
2117
2118
2119
212
2120
2121
2122
2124
2125
2126
2127
213
2132
2133
2134
2135
2136
2137
2138
2139
214
2140
2141
2145
2146
2147
2148
215
2150
2151
2152
2153
2154
2156
2157
2159
216
2160
2161
2162
2163
2164
2165
2166
2167
2168
2169
217
2170
2171
2172
2173
2174
2175
2176
2177
2178
2179
218
2181
2182
2183
2184
2185
2186
2187
2188
2189
219
2190
2191
2192
2193
2194
2195
2196
2197
2200
2201
2202
2203
2204
2205
2206
2207
2208
2209
2210
2211
2212
2213
2215
2216
2217
2218
2219
2220
2221
2222
2223
2224
2225
2226
2227
2228
2229
2230
2231
2233
2234
2236
2237
2238
2239
224
2240
2242
2243
2244
2245
2246
2247
2248
225
2250
2251
2254
2255
2256
2257
2258
2259
226
2260
2261
2262
2263
2264
2265
2266
2267
2268
2269
227
2270
2271
2272
2273
2274
2275
2276
2277
2278
2279
228
2280
2281
2282
2283
2284
2287
2288
2289
229
2291
2292
230
231
2310
2311
2312
2313
2314
2315
2317
2318
2319
232
2320
2321
2322
2323
2325
2327
2328
2329
233
2331
2332
2333
2334
2335
2336
2337
2338
234
2340
2341
2342
2343
2344
2345
2346
2347
2348
235
2350
2351
2352
2353
2355
2356
2357
2359
2360
2361
2362
2363
2364
2366
2368
2370
2371
2372
2374
2376
2378
2379
2380
2381
2383
2384
2385
2386
2387
2389
2418
2419
242
2420
2421
2422
2423
2424
2425
2426
2427
2428
2429
243
2430
2431
2432
2433
2434
2436
2437
2438
2439
244
2442
2443
2444
2445
2446
2447
245
2450
246
247
2479
248
2480
2481
2482
2483
2485
2487
2488
2489
249
2491
2493
2494
2495
2496
2497
2498
250
2500
2501
2502
2503
2504
254
255
256
257
2575
2576
2577
2578
2579
258
2581
2582
2583
2584
2585
2586
2587
2588
2589
259
2590
2591
2592
2593
2594
260
261
262
263
2631
2632
2633
2634
2635
2636
2637
2638
2640
2641
2642
2643
2644
2646
2647
2648
2649
2650
2652
2653
2654
2655
2656
2658
2659
266
2660
2661
2662
2663
2665
2666
2667
2668
267
2670
2672
2673
268
269
270
271
272
273
274
275
276
277
278
2786
2787
2788
2789
279
2790
2791
2792
2793
2794
2795
2799
280
281
2818
2819
282
2820
2821
2822
2823
2824
2825
2826
283
2831
2832
2833
2834
2835
2836
2837
2838
2839
284
285
286
2862
2863
2864
2865
2866
2867
2868
2869
2871
2872
2873
2875
2876
2877
2878
2879
288
2880
2881
2882
2883
2884
2885
2886
2887
2888
2889
289
2890
2891
2892
2893
2894
2895
2896
2897
2898
2899
290
2900
2901
2902
2903
2904
2905
2906
2907
2908
2909
291
2910
2911
2912
2913
2914
2915
2916
2917
2918
2919
292
2920
2921
2922
2923
2924
2925
2926
2927
2928
293
2930
2931
2932
2933
2934
2935
2936
2938
2939
294
2940
2941
2942
2943
2944
2945
2946
2947
2948
2949
295
2950
2951
2952
2953
2954
2956
2957
2958
2959
296
2960
2961
2962
2963
2964
2965
2966
2967
2968
2969
297
2970
2971
2972
2973
2974
298
2983
2984
2985
2988
2989
299
2990
2991
2992
300
301
3014
3015
3016
3017
3018
3019
302
3020
3021
3022
3023
3024
3025
3026
3027
3028
3029
303
3030
3031
3032
3033
3036
304
3042
3043
305
306
3066
3067
3068
3069
307
3070
3071
3072
3079
308
3080
309
310
311
312
313
314
315
3157
3158
3159
316
3160
3161
3162
3163
3164
3165
3166
3167
3168
3169
317
3170
3171
3172
3173
3174
3175
3176
3177
3178
318
3184
3185
3186
319
3190
3191
3192
3193
3194
3195
3197
3198
3199
320
3200
3201
3203
3204
3205
3207
3208
3209
3210
3211
3212
3213
3214
3215
3216
3217
3218
3219
3220
3221
3222
3223
3224
3225
3226
3227
3228
3229
3230
3231
3232
3235
3236
3237
3238
3239
326
3262
3263
3264
3265
3266
3267
3268
3269
327
3270
3271
3272
3273
3274
3275
3276
3277
3278
3279
328
3280
3281
329
3290
3291
3292
3293
3295
3296
3297
3298
3299
3300
3301
3307
3308
3309
3310
3311
3312
3313
3314
3315
3316
3324
3325
3326
3327
3328
3329
3330
3331
3332
3333
3334
3343
3344
3345
3346
338
339
340
341
3410
3411
3412
3416
3417
3418
342
343
344
345
346
347
348
3506
3507
3512
3515
3516
3517
3518
3519
3520
3521
3522
3523
3524
3525
3526
3527
3528
3529
3530
3531
3535
3536
3537
3539
3540
3542
3543
3544
3545
3546
3547
3553
3554
3555
3557
3558
3559
3560
3561
3562
358
3582
3583
3584
3585
3586
3587
3588
3589
359
3590
3591
3592
3596
3597
3598
3599
360
3600
3601
3602
3605
3606
3607
3608
3609
361
3610
3613
3615
3618
362
3628
3629
363
3630
3631
3634
364
365
366
367
376
377
378
379
380
381
382
383
384
385
386
387
388
389
390
393
394
395
396
397
398
399
400
401
402
403
404
405
406
407
408
409
410
411
412
413
414
415
416
417
418
419
420
421
422
423
424
425
426
427
428
429
430
431
432
433
434
435
436
437
438
439
440
441
442
443
459
460
461
462
463
464
465
466
467
468
469
486
487
488
489
490
491
492
493
494
495
496
497
498
499
500
501
502
503
504
505
506
507
508
514
515
516
517
518
519
520
521
522
523
524
525
539
540
541
542
543
544
545
546
547
548
549
550
551
552
553
554
555
556
558
559
560
561
562
563
564
565
566
567
568
569
570
571
572
573
574
575
576
587
588
589
590
591
592
593
594
595
596
597
598
599
600
601
602
603
604
605
606
607
608
609
610
611
612
613
614
615
616
617
618
619
620
621
622
638
639
640
641
642
643
644
645
646
647
648
649
650
651
652
653
654
655
656
657
658
659
660
661
662
663
664
665
666
667
668
669
670
671
672
673
674
675
676
677
678
679
680
681
682
683
684
685
686
687
688
689
690
691
692
693
694
695
696
697
698
699
700
701
702
703
704
705
706
707
708
709
710
745
746
747
748
749
750
751
752
753
754
755
756
757
758
759
760
761
762
763
764
765
766
767
768
77
78
79
794
795
796
797
798
799
80
800
801
802
803
804
805
806
807
808
809
810
811
812
813
814
815
816
817
84
888
889
89
890
891
892
893
894
895
896
90
900
901
902
903
904
905
906
907
908
909
91
910
911
912
913
914
915
916
917
918
919
92
920
921
93
94
95
955
956
957
958
959
96
960
961
962
963
964
965
966
967
968
969
97
970
971
972
973
974
975
976
977
978
979
98
980
981
982
983
984
985
986
987
988
989
99
990
991
992
993
994
