1409
1410
1411
1412
1413
1414
1415
1416
1417
1418
1419
1475
1476
1477
1478
1479
1480
1481
1482
1483
1486
1487
1488
1489
1490
1491
1492
1493
1494
1495
1496
1497
1498
1499
1500
1501
1502
1503
1504
1505
1506
1507
1508
1509
1510
1511
1512
1513
1534
1535
1536
1537
1538
1539
1540
1541
1542
1543
1544
1545
1581
1582
1583
1584
1585
1586
1587
1588
1589
1590
1591
1592
1593
1594
1595
1596
1597
1598
1840
1841
1842
1843
1844
1845
1846
1847
1848
1849
1850
1851
1852
1853
1854
1855
1856
1857
1858
1859
1862
1863
1864
1865
1866
1867
1868
1869
1870
1871
1872
1873
1874
1875
1876
1877
1878
1879
1880
1881
1882
1883
1884
1885
1886
1899
1900
1901
1902
1903
1904
1905
1906
1907
1908
1909
1910
1911
1912
1913
1914
1915
1916
1918
1919
1920
1924
1925
1926
1930
1931
1932
1936
1937
1938
1942
1943
1944
1945
1946
1947
1948
1949
1950
1951
1952
1953
1954
1955
1956
1957
1958
1959
1960
1961
1962
1963
1964
1965
1966
1967
1968
1969
1970
1971
1972
1973
1974
1975
1976
1977
1978
1979
1980
1981
1982
1983
1988
1989
1990
1991
1992
1993
1994
1995
1998
1999
2000
2001
2002
2003
2004
2005
2006
2007
2008
2009
2010
2011
2012
2013
2014
2015
2016
2017
2018
2019
2020
2021
2022
2023
2024
2025
2026
2027
2028
2029
2030
2031
2032
2033
2034
2070
2071
2073
2074
2076
2077
2079
2080
2081
2082
2083
2084
2085
2086
2087
2088
2089
2090
2091
2095
2096
2097
2098
2099
2100
2101
2102
2103
2104
2105
2106
2107
2108
2109
2110
2111
2112
2125
2126
2132
2133
2134
2135
2136
2137
2138
2139
2140
2141
2145
2146
2147
2148
2159
2160
2161
2162
2163
2164
2165
2166
2167
2168
2169
2170
2171
2172
2173
2174
2175
2176
2177
2178
2179
2181
2182
2183
2184
2185
2186
2187
2188
2189
2190
2191
2192
2193
2194
2195
2196
2197
2200
2201
2202
2203
2204
2205
2206
2207
2208
2209
2211
2212
2213
2215
2216
2217
2218
2219
2220
2221
2222
2223
2224
2225
2226
2227
2228
2229
2230
2231
2236
2237
2238
2239
2240
2243
2244
2245
2246
2247
2254
2255
2256
2257
2258
2259
2260
2261
2262
2263
2264
2265
2266
2267
2268
2269
2270
2271
2272
2273
2274
2275
2276
2277
2278
2279
2280
2281
2282
2283
2418
2419
2420
2421
2422
2423
2424
2425
2426
2427
2428
2429
2430
2786
2787
2788
2789
2790
2791
2792
2793
2794
2795
2799
2818
2819
2820
2821
2822
2823
2824
2825
2826
2831
2832
2833
2834
2835
2836
2837
2838
2839
2862
2863
2864
2865
2866
2867
2868
2869
2871
2872
2873
2875
2876
2877
2878
2879
2880
2881
2882
2883
2884
2885
2886
2887
2888
2889
2894
2895
2896
2897
2898
2899
2900
2901
2902
2903
2904
2905
2906
2907
2908
2909
2910
2911
2912
2913
2914
2915
2916
2917
2918
2921
2922
2923
2924
2925
2938
2939
2940
2941
2942
2943
2944
2945
2946
2947
2948
2949
2953
2956
2957
2958
2959
2960
2961
2962
2963
2964
2967
2968
2969
2971
2972
2973
2974
2983
2984
2985
2988
2989
2990
2991
2992
3014
3015
3016
3017
3018
3019
3020
3021
3022
3023
3024
3025
3026
3027
3028
3029
3030
3031
3032
3033
3036
3042
3043
3066
3067
3068
3069
3070
3071
3072
3079
3080
3157
3158
3159
3160
3161
3162
3163
3164
3165
3166
3167
3168
3169
3170
3171
3172
3173
3174
3175
3176
3177
3178
3184
3185
3186
3190
3191
3192
3193
3194
3195
3197
3198
3199
3200
3201
3203
3204
3205
3207
3208
3209
3210
3211
3212
3213
3214
3215
3216
3217
3218
3219
3220
3221
3222
3223
3224
3225
3226
3227
3228
3229
3230
3231
3232
3235
3236
3237
3238
3239
3262
3263
3264
3265
3266
3267
3268
3269
3270
3271
3272
3273
3274
3275
3276
3277
3278
3279
3280
3281
3290
3291
3292
3293
3295
3296
3297
3298
3299
3300
3301
3307
3308
3309
3310
3311
3312
3313
3314
3315
3316
3324
3325
3326
3327
3328
3329
3330
3331
3332
3333
3334
3343
3344
3345
3346
3410
3411
3412
3416
3417
3418
3515
3516
3517
3518
3519
3520
3521
3522
3523
3524
3525
3526
3527
3528
3529
3557
3558
3559
3560
3561
3562
3582
3583
3584
3585
3586
3587
3588
3589
3590
3591
3592
3596
3597
3598
3599
3600
3601
3602
77
78
1748
3506
79
1749
80
1750
3507
84
1754
3512
89
90
1760
3520
91
1761
3521
92
1762
3522
93
3523
94
1763
95
1764
3524
96
1766
3526
97
3527
98
1767
3528
99
1768
3529
100
1769
3530
101
1770
3531
102
1771
103
3535
104
1773
3536
105
1774
3537
107
3539
108
1776
3540
109
1777
111
1779
3542
112
3543
113
1780
3544
114
1781
3545
115
1782
3546
116
1783
3547
117
120
1786
3553
121
3554
122
1788
3555
123
1789
151
152
1819
3599
153
3600
154
1820
3601
155
3602
156
1821
3605
157
3606
158
1822
3607
159
3608
160
1823
3609
161
3610
162
1824
3613
163
1825
164
165
1826
166
167
1827
168
173
174
175
1832
3615
176
182
183
1837
184
185
1838
186
187
1841
188
1842
189
1844
195
196
1847
197
1848
198
1849
199
200
1850
3618
201
1851
202
1853
203
1854
204
205
1856
209
210
1860
211
1863
212
1864
213
1865
214
1866
215
1867
216
217
1868
218
1870
219
1871
224
225
226
1877
227
1878
228
1879
229
1880
230
1881
231
1882
232
1883
233
1884
234
1885
235
1886
242
243
1890
244
245
1891
246
247
1894
3628
248
1895
249
250
1896
254
1901
255
1902
3629
256
1903
257
1904
258
1905
259
260
1906
261
262
1907
263
1908
3630
266
267
1910
268
269
1911
270
1912
271
1913
272
273
1914
3631
274
275
1915
3634
276
1916
277
1919
278
1920
279
280
1921
281
1922
282
283
1925
284
1926
285
286
1927
288
289
1928
290
291
1931
292
1932
293
294
1933
295
1934
296
297
1937
298
1938
299
300
1939
301
1940
302
303
1943
304
1945
305
306
1946
307
1947
308
1948
309
310
1949
311
312
313
1951
314
1952
315
1953
316
1954
317
1955
318
1956
319
1957
320
1958
326
1963
327
1964
328
329
1966
338
1974
339
1975
340
1976
341
342
1977
343
1978
344
1980
345
1981
346
1982
347
1983
348
1984
358
1994
359
1995
360
1996
361
1997
362
1998
363
1999
364
365
2000
366
2001
367
2003
376
377
2014
378
2015
379
380
2016
381
2017
382
2018
383
2019
384
2020
385
386
2021
387
388
2022
389
390
393
2027
394
2028
395
2029
396
2030
397
2031
398
2032
399
2033
400
2034
401
402
2037
403
2038
404
2039
405
2040
406
2041
407
2044
408
409
2046
410
2047
411
2048
412
2049
413
2050
414
2051
415
2052
416
2053
417
2054
418
2056
419
2057
420
2058
421
2060
422
423
2062
424
2063
425
2065
426
2067
427
2068
428
2071
429
2077
430
2080
431
2081
432
433
2083
434
2084
435
2085
436
2086
437
2088
438
2089
439
2090
440
2091
441
2092
442
2094
443
2095
459
460
2117
461
2118
462
2119
463
2120
464
2121
465
2122
466
2124
467
2125
468
2126
469
2127
486
487
2146
488
489
2147
490
2148
491
2150
492
2151
493
494
2152
495
2153
496
2154
497
2156
498
499
2157
500
501
2160
502
2162
503
2163
504
2164
505
2166
506
2167
507
2168
508
2169
514
515
2177
516
2178
517
2179
518
2182
519
2183
520
2184
521
2186
522
2188
523
2189
524
2190
525
2191
539
540
2202
541
2203
542
2205
543
2206
544
2208
545
2210
546
2211
547
2213
548
2215
549
2217
550
2219
551
2221
552
553
2224
554
2226
555
2228
556
2229
558
559
2230
560
561
2231
562
2233
563
2234
564
565
2236
566
567
2238
568
2239
569
2240
570
2242
571
2244
572
2246
573
2247
574
2248
575
2250
576
2251
587
588
2260
589
590
2261
591
592
2262
593
2263
594
2264
595
2265
596
597
2267
598
2268
599
2269
600
601
2270
602
2271
603
2272
604
2273
605
2275
606
2276
607
608
2278
609
2280
610
2281
611
2282
612
2283
613
614
2284
615
616
617
2287
618
2288
619
2289
620
621
2291
622
2292
638
2310
639
2311
640
2312
641
2313
642
643
2314
644
2315
645
646
2317
647
2318
648
2319
649
2320
650
2321
651
2322
652
2323
653
654
2325
655
2327
656
2328
657
2329
658
2331
659
2332
660
2333
661
2334
662
2335
663
2336
664
2337
665
2338
666
2340
667
2341
668
2342
669
2343
670
2344
671
2345
672
2346
673
2347
674
2348
675
2350
676
2351
677
2352
678
679
2353
680
2355
681
2356
682
2357
683
2359
684
2360
685
2361
686
2362
687
688
2363
689
690
2364
691
2366
692
2368
693
694
2370
695
696
2371
697
2372
698
699
2374
700
2376
701
2378
702
2379
703
2380
704
2381
705
2383
706
2384
707
2385
708
2386
709
2387
710
2389
745
746
2431
747
2432
748
2433
749
2434
750
2436
751
2437
752
753
2438
754
2439
755
756
757
2442
758
759
2443
760
761
2444
762
763
2445
764
765
2446
766
2447
767
768
2450
794
2479
795
2480
796
2481
797
798
2482
799
2483
800
2485
801
2487
802
2488
803
804
2489
805
2491
806
2493
807
2494
808
2495
809
2496
810
2497
811
2498
812
2500
813
2501
814
2502
815
2503
816
2504
817
888
889
2575
890
891
2576
892
2577
893
894
2578
895
896
2579
900
901
2581
902
903
2582
904
905
2583
906
2584
907
908
2585
909
910
2586
911
2587
912
2588
913
2589
914
915
2590
916
917
2591
918
2592
919
2593
920
921
2594
955
2631
956
2632
957
2633
958
2634
959
2635
960
2636
961
2637
962
2638
963
2640
964
965
2641
966
2642
967
2643
968
2644
969
2646
970
2647
971
2648
972
2649
973
2650
974
2652
975
2653
976
977
2654
978
2655
979
2656
980
2658
981
2659
982
2660
983
2661
984
2662
985
2663
986
2665
987
2666
988
2667
989
2668
990
2670
991
992
993
2672
994
2673
1184
1185
2880
1186
2881
1187
2882
1188
2883
1189
2884
1190
2885
1191
2886
1192
2887
1193
2889
1194
2890
1195
2891
1196
2892
1197
2893
1198
2895
1199
2896
1200
2897
1201
2899
1202
2900
1203
2902
1204
2904
1205
2905
1206
2907
1207
2908
1208
2910
1209
2911
1210
2912
1211
1212
2913
1213
2914
1214
2915
1215
2916
1216
2917
1217
2919
1218
2920
1219
2921
1220
2923
1221
2925
1222
2926
1223
2927
1224
2928
1225
1226
2930
1227
2931
1228
2932
1229
2933
1230
2934
1231
2935
1232
2936
1233
1234
2939
1235
2940
1236
2941
1237
2943
1238
2944
1239
2946
1240
2947
1241
2948
1242
2950
1243
2951
1244
2952
1245
2953
1246
2954
1247
1248
2958
1249
2959
1250
2960
1251
2962
1252
2964
1253
2965
1254
2966
1255
2967
1256
2968
1257
2969
1258
2970
